<?xml version="1.0" encoding="UTF-8"?>
<testsuite xmlns:xsi="http://www.w3.org/2001/XMLSchema-instance" xsi:noNamespaceSchemaLocation="https://maven.apache.org/surefire/maven-surefire-plugin/xsd/surefire-test-report-3.0.xsd" version="3.0" name="com.luv2code.junitdemo.ConditionalTest" time="0.074" tests="11" errors="0" skipped="7" failures="0">
  <properties>
    <property name="java.specification.version" value="17"/>
    <property name="sun.jnu.encoding" value="UTF-8"/>
    <property name="java.class.path" value="/home/dennis/IdeaProjects/spring-boot-unit-testing-main/1.00-starting-project/target/test-classes:/home/dennis/IdeaProjects/spring-boot-unit-testing-main/1.00-starting-project/target/classes:/home/dennis/.m2/repository/org/junit/jupiter/junit-jupiter-api/5.10.0/junit-jupiter-api-5.10.0.jar:/home/dennis/.m2/repository/org/opentest4j/opentest4j/1.3.0/opentest4j-1.3.0.jar:/home/dennis/.m2/repository/org/junit/platform/junit-platform-commons/1.10.0/junit-platform-commons-1.10.0.jar:/home/dennis/.m2/repository/org/apiguardian/apiguardian-api/1.1.2/apiguardian-api-1.1.2.jar:"/>
    <property name="java.vm.vendor" value="Oracle Corporation"/>
    <property name="sun.arch.data.model" value="64"/>
    <property name="java.vendor.url" value="https://java.oracle.com/"/>
    <property name="os.name" value="Linux"/>
    <property name="java.vm.specification.version" value="17"/>
    <property name="sun.java.launcher" value="SUN_STANDARD"/>
    <property name="user.country" value="US"/>
    <property name="sun.boot.library.path" value="/usr/lib/jvm/jdk-17/lib"/>
    <property name="sun.java.command" value="/home/dennis/IdeaProjects/spring-boot-unit-testing-main/1.00-starting-project/target/surefire/surefirebooter2245499327935205248.jar /home/dennis/IdeaProjects/spring-boot-unit-testing-main/1.00-starting-project/target/surefire 2023-09-02T00-07-06_097-jvmRun1 surefire13520495329854722555tmp surefire_014734021990573503791tmp"/>
    <property name="jdk.debug" value="release"/>
    <property name="surefire.test.class.path" value="/home/dennis/IdeaProjects/spring-boot-unit-testing-main/1.00-starting-project/target/test-classes:/home/dennis/IdeaProjects/spring-boot-unit-testing-main/1.00-starting-project/target/classes:/home/dennis/.m2/repository/org/junit/jupiter/junit-jupiter-api/5.10.0/junit-jupiter-api-5.10.0.jar:/home/dennis/.m2/repository/org/opentest4j/opentest4j/1.3.0/opentest4j-1.3.0.jar:/home/dennis/.m2/repository/org/junit/platform/junit-platform-commons/1.10.0/junit-platform-commons-1.10.0.jar:/home/dennis/.m2/repository/org/apiguardian/apiguardian-api/1.1.2/apiguardian-api-1.1.2.jar:"/>
    <property name="sun.cpu.endian" value="little"/>
    <property name="user.home" value="/home/dennis"/>
    <property name="user.language" value="en"/>
    <property name="java.specification.vendor" value="Oracle Corporation"/>
    <property name="java.version.date" value="2022-08-18"/>
    <property name="java.home" value="/usr/lib/jvm/jdk-17"/>
    <property name="file.separator" value="/"/>
    <property name="basedir" value="/home/dennis/IdeaProjects/spring-boot-unit-testing-main/1.00-starting-project"/>
    <property name="java.vm.compressedOopsMode" value="Zero based"/>
    <property name="line.separator" value="&#10;"/>
    <property name="java.vm.specification.vendor" value="Oracle Corporation"/>
    <property name="java.specification.name" value="Java Platform API Specification"/>
    <property name="surefire.real.class.path" value="/home/dennis/IdeaProjects/spring-boot-unit-testing-main/1.00-starting-project/target/surefire/surefirebooter2245499327935205248.jar"/>
    <property name="sun.management.compiler" value="HotSpot 64-Bit Tiered Compilers"/>
    <property name="java.runtime.version" value="17.0.4.1+1-LTS-2"/>
    <property name="user.name" value="dennis"/>
    <property name="path.separator" value=":"/>
    <property name="os.version" value="6.2.0-31-generic"/>
    <property name="java.runtime.name" value="Java(TM) SE Runtime Environment"/>
    <property name="file.encoding" value="UTF-8"/>
    <property name="java.vm.name" value="Java HotSpot(TM) 64-Bit Server VM"/>
    <property name="localRepository" value="/home/dennis/.m2/repository"/>
    <property name="java.vendor.url.bug" value="https://bugreport.java.com/bugreport/"/>
    <property name="java.io.tmpdir" value="/tmp"/>
    <property name="java.version" value="17.0.4.1"/>
    <property name="user.dir" value="/home/dennis/IdeaProjects/spring-boot-unit-testing-main/1.00-starting-project"/>
    <property name="os.arch" value="amd64"/>
    <property name="java.vm.specification.name" value="Java Virtual Machine Specification"/>
    <property name="native.encoding" value="UTF-8"/>
    <property name="java.library.path" value="/usr/java/packages/lib:/usr/lib64:/lib64:/lib:/usr/lib"/>
    <property name="java.vm.info" value="mixed mode, sharing"/>
    <property name="java.vendor" value="Oracle Corporation"/>
    <property name="java.vm.version" value="17.0.4.1+1-LTS-2"/>
    <property name="sun.io.unicode.encoding" value="UnicodeLittle"/>
    <property name="java.class.version" value="61.0"/>
  </properties>
  <testcase name="testForWindowsAndMac" classname="com.luv2code.junitdemo.ConditionalTest" time="0">
    <skipped message="Disabled on operating system: Linux"/>
  </testcase>
  <testcase name="basicTest" classname="com.luv2code.junitdemo.ConditionalTest" time="0">
    <skipped message="Do not run untill JIRA #123 is resolved"/>
  </testcase>
  <testcase name="testOnlyForDevEnviroment" classname="com.luv2code.junitdemo.ConditionalTest" time="0">
    <skipped message="Environment variable [DENNIS_ENV] does not exist"/>
  </testcase>
  <testcase name="testOnlyForSystemProperty" classname="com.luv2code.junitdemo.ConditionalTest" time="0">
    <skipped message="System property [DENNIS_SYS_PROP] does not exist"/>
  </testcase>
  <testcase name="testForLinuxOnly" classname="com.luv2code.junitdemo.ConditionalTest" time="0.012"/>
  <testcase name="testOnlyForJavaRange" classname="com.luv2code.junitdemo.ConditionalTest" time="0.001"/>
  <testcase name="testOnlyForJava13" classname="com.luv2code.junitdemo.ConditionalTest" time="0">
    <skipped message="Disabled on JRE version: 17.0.4.1"/>
  </testcase>
  <testcase name="testOnlyForJava17" classname="com.luv2code.junitdemo.ConditionalTest" time="0.001"/>
  <testcase name="testForMacOnly" classname="com.luv2code.junitdemo.ConditionalTest" time="0">
    <skipped message="Disabled on operating system: Linux"/>
  </testcase>
  <testcase name="testForWindowsOnly" classname="com.luv2code.junitdemo.ConditionalTest" time="0">
    <skipped message="Disabled on operating system: Linux"/>
  </testcase>
  <testcase name="testForJavaRangeMin" classname="com.luv2code.junitdemo.ConditionalTest" time="0.001"/>
</testsuite>