<?xml version="1.0" encoding="UTF-8"?>
<testsuite xmlns:xsi="http://www.w3.org/2001/XMLSchema-instance" xsi:noNamespaceSchemaLocation="https://maven.apache.org/surefire/maven-surefire-plugin/xsd/surefire-test-report-3.0.xsd" version="3.0" name="com.luv2code.junitdemo.DemoUtilsTest" time="2.119" tests="10" errors="0" skipped="0" failures="0">
  <properties>
    <property name="java.specification.version" value="17"/>
    <property name="sun.jnu.encoding" value="UTF-8"/>
    <property name="java.class.path" value="/home/dennis/IdeaProjects/spring-boot-unit-testing-main/1.00-starting-project/target/test-classes:/home/dennis/IdeaProjects/spring-boot-unit-testing-main/1.00-starting-project/target/classes:/home/dennis/.m2/repository/org/junit/jupiter/junit-jupiter-api/5.10.0/junit-jupiter-api-5.10.0.jar:/home/dennis/.m2/repository/org/opentest4j/opentest4j/1.3.0/opentest4j-1.3.0.jar:/home/dennis/.m2/repository/org/junit/platform/junit-platform-commons/1.10.0/junit-platform-commons-1.10.0.jar:/home/dennis/.m2/repository/org/apiguardian/apiguardian-api/1.1.2/apiguardian-api-1.1.2.jar:"/>
    <property name="java.vm.vendor" value="Oracle Corporation"/>
    <property name="sun.arch.data.model" value="64"/>
    <property name="java.vendor.url" value="https://java.oracle.com/"/>
    <property name="os.name" value="Linux"/>
    <property name="java.vm.specification.version" value="17"/>
    <property name="sun.java.launcher" value="SUN_STANDARD"/>
    <property name="user.country" value="US"/>
    <property name="sun.boot.library.path" value="/usr/lib/jvm/jdk-17/lib"/>
    <property name="sun.java.command" value="/home/dennis/IdeaProjects/spring-boot-unit-testing-main/1.00-starting-project/target/surefire/surefirebooter507468111373271648.jar /home/dennis/IdeaProjects/spring-boot-unit-testing-main/1.00-starting-project/target/surefire 2023-09-01T23-14-28_359-jvmRun1 surefire8306825315056235517tmp surefire_02630360467370035508tmp"/>
    <property name="jdk.debug" value="release"/>
    <property name="surefire.test.class.path" value="/home/dennis/IdeaProjects/spring-boot-unit-testing-main/1.00-starting-project/target/test-classes:/home/dennis/IdeaProjects/spring-boot-unit-testing-main/1.00-starting-project/target/classes:/home/dennis/.m2/repository/org/junit/jupiter/junit-jupiter-api/5.10.0/junit-jupiter-api-5.10.0.jar:/home/dennis/.m2/repository/org/opentest4j/opentest4j/1.3.0/opentest4j-1.3.0.jar:/home/dennis/.m2/repository/org/junit/platform/junit-platform-commons/1.10.0/junit-platform-commons-1.10.0.jar:/home/dennis/.m2/repository/org/apiguardian/apiguardian-api/1.1.2/apiguardian-api-1.1.2.jar:"/>
    <property name="sun.cpu.endian" value="little"/>
    <property name="user.home" value="/home/dennis"/>
    <property name="user.language" value="en"/>
    <property name="java.specification.vendor" value="Oracle Corporation"/>
    <property name="java.version.date" value="2022-08-18"/>
    <property name="java.home" value="/usr/lib/jvm/jdk-17"/>
    <property name="file.separator" value="/"/>
    <property name="basedir" value="/home/dennis/IdeaProjects/spring-boot-unit-testing-main/1.00-starting-project"/>
    <property name="java.vm.compressedOopsMode" value="Zero based"/>
    <property name="line.separator" value="&#10;"/>
    <property name="java.vm.specification.vendor" value="Oracle Corporation"/>
    <property name="java.specification.name" value="Java Platform API Specification"/>
    <property name="surefire.real.class.path" value="/home/dennis/IdeaProjects/spring-boot-unit-testing-main/1.00-starting-project/target/surefire/surefirebooter507468111373271648.jar"/>
    <property name="sun.management.compiler" value="HotSpot 64-Bit Tiered Compilers"/>
    <property name="java.runtime.version" value="17.0.4.1+1-LTS-2"/>
    <property name="user.name" value="dennis"/>
    <property name="path.separator" value=":"/>
    <property name="os.version" value="6.2.0-31-generic"/>
    <property name="java.runtime.name" value="Java(TM) SE Runtime Environment"/>
    <property name="file.encoding" value="UTF-8"/>
    <property name="java.vm.name" value="Java HotSpot(TM) 64-Bit Server VM"/>
    <property name="localRepository" value="/home/dennis/.m2/repository"/>
    <property name="java.vendor.url.bug" value="https://bugreport.java.com/bugreport/"/>
    <property name="java.io.tmpdir" value="/tmp"/>
    <property name="java.version" value="17.0.4.1"/>
    <property name="user.dir" value="/home/dennis/IdeaProjects/spring-boot-unit-testing-main/1.00-starting-project"/>
    <property name="os.arch" value="amd64"/>
    <property name="java.vm.specification.name" value="Java Virtual Machine Specification"/>
    <property name="native.encoding" value="UTF-8"/>
    <property name="java.library.path" value="/usr/java/packages/lib:/usr/lib64:/lib64:/lib:/usr/lib"/>
    <property name="java.vm.info" value="mixed mode, sharing"/>
    <property name="java.vendor" value="Oracle Corporation"/>
    <property name="java.vm.version" value="17.0.4.1+1-LTS-2"/>
    <property name="sun.io.unicode.encoding" value="UnicodeLittle"/>
    <property name="java.class.version" value="61.0"/>
  </properties>
  <testcase name="Array Equals" classname="com.luv2code.junitdemo.DemoUtilsTest" time="0.039">
    <system-out><![CDATA[Before all executes once before all test methods execution in the class
@BeforeEach executes before the execution of each test method
Running @AfterEach

]]></system-out>
  </testcase>
  <testcase name="Null and Not NUll" classname="com.luv2code.junitdemo.DemoUtilsTest" time="0.002">
    <system-out><![CDATA[@BeforeEach executes before the execution of each test method
Running test: testNullAndNotNull
Running @AfterEach

]]></system-out>
  </testcase>
  <testcase name="Equals and Not Equals" classname="com.luv2code.junitdemo.DemoUtilsTest" time="0.004">
    <system-out><![CDATA[@BeforeEach executes before the execution of each test method
Running test: testEqualsAndNotEquals
Running @AfterEach

]]></system-out>
  </testcase>
  <testcase name="Timeout" classname="com.luv2code.junitdemo.DemoUtilsTest" time="2.009">
    <system-out><![CDATA[@BeforeEach executes before the execution of each test method
I am going to sleep
Sleeping over
Running @AfterEach

]]></system-out>
  </testcase>
  <testcase name="Same and Not same" classname="com.luv2code.junitdemo.DemoUtilsTest" time="0.002">
    <system-out><![CDATA[@BeforeEach executes before the execution of each test method
Running @AfterEach

]]></system-out>
  </testcase>
  <testcase name="Lines match" classname="com.luv2code.junitdemo.DemoUtilsTest" time="0.004">
    <system-out><![CDATA[@BeforeEach executes before the execution of each test method
Running @AfterEach

]]></system-out>
  </testcase>
  <testcase name="Iterable equals" classname="com.luv2code.junitdemo.DemoUtilsTest" time="0.002">
    <system-out><![CDATA[@BeforeEach executes before the execution of each test method
Running @AfterEach

]]></system-out>
  </testcase>
  <testcase name="Multiply" classname="com.luv2code.junitdemo.DemoUtilsTest" time="0.001">
    <system-out><![CDATA[@BeforeEach executes before the execution of each test method
Running @AfterEach

]]></system-out>
  </testcase>
  <testcase name="True and False" classname="com.luv2code.junitdemo.DemoUtilsTest" time="0.002">
    <system-out><![CDATA[@BeforeEach executes before the execution of each test method
Running @AfterEach

]]></system-out>
  </testcase>
  <testcase name="Throws and does not throw" classname="com.luv2code.junitdemo.DemoUtilsTest" time="0.003">
    <system-out><![CDATA[@BeforeEach executes before the execution of each test method
Running @AfterEach

]]></system-out>
  </testcase>
</testsuite>